<?xml version="1.0" encoding="UTF-8"?>
<!-- Generated by org.testng.reporters.JUnitReportReporter -->
<testsuite hostname="AIPL-PUN-LT166" failures="0" tests="4" name="com.altimetrik.inventoryManagement.mainTestCases.CreateEmployee" time="5.107" errors="0" timestamp="2019-12-10T17:59:58 IST" skipped="0">
  <testcase classname="com.altimetrik.inventoryManagement.mainTestCases.CreateEmployee" name="postEmployee" time="2.401"/>
  <testcase classname="com.altimetrik.inventoryManagement.mainTestCases.CreateEmployee" name="postEmployeeWithDupRecord" time="0.937"/>
  <testcase classname="com.altimetrik.inventoryManagement.mainTestCases.CreateEmployee" name="getEmployeeDetailsByValidId" time="0.902"/>
  <testcase classname="com.altimetrik.inventoryManagement.mainTestCases.CreateEmployee" name="DeleteEmployee" time="0.867"/>
</testsuite> <!-- com.altimetrik.inventoryManagement.mainTestCases.CreateEmployee -->
