<?xml version="1.0" encoding="UTF-8"?>
<!-- Generated by org.testng.reporters.JUnitReportReporter -->
<testsuite hostname="AIPL-PUN-LT166" failures="0" tests="4" name="com.altimetrik.inventoryManagement.mainTestCases.CreateEmployee" time="6.373" errors="0" timestamp="2019-12-17T18:17:04 IST" skipped="0">
  <testcase classname="com.altimetrik.inventoryManagement.mainTestCases.CreateEmployee" name="postEmployee" time="3.550"/>
  <testcase classname="com.altimetrik.inventoryManagement.mainTestCases.CreateEmployee" name="postEmployeeWithDupRecord" time="1.003"/>
  <testcase classname="com.altimetrik.inventoryManagement.mainTestCases.CreateEmployee" name="getEmployeeDetailsByValidId" time="0.944"/>
  <testcase classname="com.altimetrik.inventoryManagement.mainTestCases.CreateEmployee" name="DeleteEmployee" time="0.876"/>
</testsuite> <!-- com.altimetrik.inventoryManagement.mainTestCases.CreateEmployee -->
